TN:
SF:src/genDiff.js
FN:4,genDiff
FN:9,compare
FNF:2
FNH:2
FNDA:1,genDiff
FNDA:5,compare
DA:1,1
DA:2,1
DA:3,1
DA:4,1
DA:5,1
DA:6,1
DA:7,1
DA:8,1
DA:9,1
DA:10,5
DA:11,5
DA:12,5
DA:13,5
DA:14,5
DA:15,5
DA:16,2
DA:17,5
DA:18,1
DA:19,3
DA:20,1
DA:21,1
DA:22,1
DA:23,1
DA:24,1
DA:25,5
DA:26,5
DA:27,5
DA:28,1
DA:29,1
DA:30,1
DA:31,1
DA:32,1
DA:33,1
DA:34,1
DA:35,1
LF:35
LH:35
BRDA:4,0,0,1
BRDA:9,1,0,5
BRDA:15,2,0,2
BRDA:17,3,0,3
BRDA:17,4,0,1
BRDA:19,5,0,2
BRDA:19,6,0,1
BRF:7
BRH:7
end_of_record
TN:
SF:src/index.js
FN:9,default
FN:10,getPath
FN:11,getFileFormat
FNF:3
FNH:3
FNDA:1,default
FNDA:2,getPath
FNDA:2,getFileFormat
DA:1,1
DA:2,1
DA:3,1
DA:4,1
DA:5,1
DA:6,1
DA:7,1
DA:8,1
DA:9,1
DA:10,1
DA:11,1
DA:12,1
DA:13,1
DA:14,1
DA:15,1
DA:16,1
DA:17,1
DA:18,1
DA:19,1
DA:20,1
DA:21,1
DA:22,1
DA:23,1
DA:24,1
DA:25,1
LF:25
LH:25
BRDA:9,0,0,1
BRDA:10,1,0,2
BRDA:11,2,0,2
BRF:3
BRH:3
end_of_record
